  SnakeGame.cpp
D:\c++\SnakeGame\SnakeGame.cpp(21,43): warning C4244: 'argument': conversion from 'int' to 'float', possible loss of data
D:\c++\SnakeGame\SnakeGame.cpp(27,20): warning C4267: 'initializing': conversion from 'size_t' to 'int', possible loss of data
D:\c++\SnakeGame\SnakeGame.cpp(30,59): warning C4244: 'argument': conversion from 'int' to 'float', possible loss of data
D:\c++\SnakeGame\SnakeGame.cpp(30,34): warning C4244: 'argument': conversion from 'int' to 'float', possible loss of data
D:\c++\SnakeGame\SnakeGame.cpp(85,30): warning C4244: 'argument': conversion from 'int' to 'float', possible loss of data
D:\c++\SnakeGame\SnakeGame.cpp(85,27): warning C4244: 'argument': conversion from 'int' to 'float', possible loss of data
D:\c++\SnakeGame\SnakeGame.cpp(257,79): warning C4244: 'argument': conversion from 'const int' to 'T', possible loss of data
D:\c++\SnakeGame\SnakeGame.cpp(257,79): warning C4244:         with
D:\c++\SnakeGame\SnakeGame.cpp(257,79): warning C4244:         [
D:\c++\SnakeGame\SnakeGame.cpp(257,79): warning C4244:             T=float
D:\c++\SnakeGame\SnakeGame.cpp(257,79): warning C4244:         ]
D:\c++\SnakeGame\SnakeGame.cpp(257,64): warning C4244: 'argument': conversion from 'const int' to 'T', possible loss of data
D:\c++\SnakeGame\SnakeGame.cpp(257,64): warning C4244:         with
D:\c++\SnakeGame\SnakeGame.cpp(257,64): warning C4244:         [
D:\c++\SnakeGame\SnakeGame.cpp(257,64): warning C4244:             T=float
D:\c++\SnakeGame\SnakeGame.cpp(257,64): warning C4244:         ]
D:\c++\SnakeGame\SnakeGame.cpp(260,90): warning C4244: 'argument': conversion from 'const int' to 'T', possible loss of data
D:\c++\SnakeGame\SnakeGame.cpp(260,90): warning C4244:         with
D:\c++\SnakeGame\SnakeGame.cpp(260,90): warning C4244:         [
D:\c++\SnakeGame\SnakeGame.cpp(260,90): warning C4244:             T=float
D:\c++\SnakeGame\SnakeGame.cpp(260,90): warning C4244:         ]
D:\c++\SnakeGame\SnakeGame.cpp(260,75): warning C4244: 'argument': conversion from 'const int' to 'T', possible loss of data
D:\c++\SnakeGame\SnakeGame.cpp(260,75): warning C4244:         with
D:\c++\SnakeGame\SnakeGame.cpp(260,75): warning C4244:         [
D:\c++\SnakeGame\SnakeGame.cpp(260,75): warning C4244:             T=float
D:\c++\SnakeGame\SnakeGame.cpp(260,75): warning C4244:         ]
  Generating code
  257 of 355 functions (72.4%) were compiled, the rest were copied from previous compilation.
    152 functions were new in current compilation
    16 functions had inline decision re-evaluated but remain unchanged
  Finished generating code
  SnakeGame.vcxproj -> D:\c++\SnakeGame\x64\Release\SnakeGame.exe
